

HI-TECH Software 8051 Macro Assembler V9.60                                Page 1
                                                       Mon Mar 24 19:41:18 2025

     1                           	psect	idata,class=DATA,space=1,limit=080h
     2                           	psect	irdata,class=DATA,limit=080h
     3                           	global	_sec
     4                           	signat	_sec,4216
     5                           	global	stack_internal
     6                           	psect	text,class=CODE
     7                           	psect	text
     8                           	file	"C:\Users\class\Desktop\mc11-p2\p2\p2\main
                                 .c"
     9                           	line	2
    10  00003                     _sec:
    11  00003  80 33              	j	f1411
    12  00005                     f1410:
    13                           ;main.c: 2: void sec (int x){
    14                           
    15                           ;main.c: 3: while(x-->0) {
    16                           
    17                           ;	var   _x assigned to ?a_sec+0
    18                           ;_x stored from WR2
    19  00005  8C 27              	mov	?a_sec+0,r4
    20  00007  8D 28              	mov	?a_sec+0+1,r5
    21                           	line	3
    22  00009  80 13              	jmp	l3
    23  0000B                     l4:
    24                           ;main.c: 4: TH0 = (-1250)>>8;
    25                           
    26                           	line	4
    27  0000B  75 8C FB           	mov	08Ch,#251
    28                           ;main.c: 5: TL0=-1250;
    29                           
    30                           	line	5
    31  0000E  75 8A 1E           	mov	08Ah,#30
    32                           ;main.c: 6: TR0 = 1;
    33                           
    34                           	line	6
    35  00011  D2 8C              	setb	tcon.4
    36                           ;main.c: 7: do;
    37                           
    38                           	line	7
    39  00013                     l8:
    40                           ;main.c: 8: while(TF0==0);
    41                           
    42                           	line	8
    43  00013  30 8D 02           	bnb	tcon.5, u11
    44  00016  80 02              	jmp	u10
    45  00018                     u11:
    46  00018  80 F9              	jmp	l8
    47  0001A                     u10:
    48  0001A                     l7:
    49                           ;main.c: 9: TF0=0;
    50                           
    51                           	line	9
    52  0001A  C2 8D              	clr	tcon.5
    53                           ;main.c: 10: TR0=0;
    54                           
    55                           	line	10
    56  0001C  C2 8C              	clr	tcon.4
    57                           	line	11
    58  0001E                     l3:
    59                           	line	3
    60  0001E  AC 27              	mov	r4,?a_sec+0
    61  00020  E5 28              	mov	a,?a_sec+0+1
    62  00022  FD                 	mov	r5,a
    63  00023  15 28              	dec	?a_sec+0+1
    64  00025  70 02              	jnz	u24
    65  00027  15 27              	dec	?a_sec+0
    66  00029                     u24:
    67  00029  ED                 	mov	a,r5
    68  0002A  24 FF              	add	a,#low -(1)
    69  0002C  EC                 	mov	a,r4
    70  0002D  64 80              	xrl	a,#80h
    71  0002F  34 7F              	addc	a,#(high -(1))xor 80h
    72  00031  40 02              	bc	u31
    73  00033  80 02              	jmp	u30
    74  00035                     u31:
    75  00035  80 D4              	jmp	l4
    76  00037                     u30:
    77  00037                     l5:
    78                           ;main.c: 11: }
    79                           
    80                           ;main.c: 12: }
    81                           
    82                           	line	12
    83  00037                     l2:
    84  00037  22                 	ret
    85  00038                     f1411:
    86  00038  80 CB              	j	f1410
    87                           	FNSIZE	_sec,2,0
    88                           	global	?a_sec
    89  0000                     f1412	equ	0
    90                           	global	_main
    91                           	signat	_main,88
    92                           	line	14
    93  0003A                     _main:
    94  0003A  02 00C4            	j	f1421
    95  0003D                     f1420:
    96                           ;main.c: 14: void main() {
    97                           
    98                           ;	var   _i assigned to ?a_main+0
    99                           ;main.c: 15: int i = 4;
   100                           
   101                           	line	15
   102  0003D  75 20  00          	mov	?a_main+0,#high(4)
   103  00040  75 21  04          	mov	?a_main+0+1,#low(4)
   104                           ;	var   _array assigned to ?a_main+2
   105                           ;main.c: 16: unsigned char array[5];
   106                           
   107                           ;main.c: 18: TMOD=0x1;
   108                           
   109                           	line	18
   110  00043  75 89 01           	mov	089h,#1
   111                           ;main.c: 20: array[0] = 0x0;
   112                           
   113                           	line	20
   114  00046  75 22  00          	mov	?a_main+2,#0
   115                           ;main.c: 21: array[1] = 0x5;
   116                           
   117                           	line	21
   118  00049  75 23  05          	mov	0+?a_main+2+01h,#5
   119                           ;main.c: 22: array[2] = 0xA;
   120                           
   121                           	line	22
   122  0004C  75 24  0A          	mov	0+?a_main+2+02h,#10
   123                           ;main.c: 23: array[3] = 0x50;
   124                           
   125                           	line	23
   126  0004F  75 25  50          	mov	0+?a_main+2+03h,#80
   127                           ;main.c: 24: array[4] = 0xA0;
   128                           
   129                           	line	24
   130  00052  75 26  A0          	mov	0+?a_main+2+04h,#160
   131                           ;main.c: 26: while(1){
   132                           
   133                           	line	26
   134  00055                     l11:
   135                           ;main.c: 27: i++;
   136                           
   137                           	line	27
   138  00055  05 21              	inc	?a_main+0+1
   139  00057  E5 21              	mov	a,?a_main+0+1
   140  00059  70 02              	jnz	u40
   141  0005B  05 20              	inc	?a_main+0
   142  0005D                     u40:
   143                           ;main.c: 28: switch(i)
   144                           
   145                           	line	28
   146  0005D  80 45              	jmp	l14
   147                           ;main.c: 29: {
   148                           
   149                           ;main.c: 30: case 1:
   150                           
   151                           	line	30
   152  0005F                     l15:
   153                           ;main.c: 31: P1 = array[1];
   154                           
   155                           	line	31
   156  0005F  79 23              	mov	r1,#?a_main+2+01h
   157  00061  87 90              	mov	090h,@r1
   158                           ;main.c: 32: sec(5);
   159                           
   160                           	FNCALL	_main,_sec
   161                           	line	32
   162  00063  7C 00              	mov	r4,#high (5)
   163  00065  7D 05              	mov	r5,#low (5)
   164  00067  12 0003            	lcall	_sec
   165                           
   166                           ;main.c: 33: break;
   167                           
   168                           	line	33
   169  0006A  80 55              	jmp	l13
   170                           ;main.c: 34: case 2:
   171                           
   172                           	line	34
   173  0006C                     l16:
   174                           ;main.c: 35: P1 = array[2];
   175                           
   176                           	line	35
   177  0006C  79 24              	mov	r1,#?a_main+2+02h
   178  0006E  87 90              	mov	090h,@r1
   179                           ;main.c: 36: sec(2);
   180                           
   181                           	line	36
   182  00070  7C 00              	mov	r4,#high (2)
   183  00072  7D 02              	mov	r5,#low (2)
   184  00074  12 0003            	lcall	_sec
   185                           
   186                           ;main.c: 37: break;
   187                           
   188                           	line	37
   189  00077  80 48              	jmp	l13
   190                           ;main.c: 38: case 3:
   191                           
   192                           	line	38
   193  00079                     l17:
   194                           ;main.c: 39: P1 = array[3];
   195                           
   196                           	line	39
   197  00079  79 25              	mov	r1,#?a_main+2+03h
   198  0007B  87 90              	mov	090h,@r1
   199                           ;main.c: 40: sec(2);
   200                           
   201                           	line	40
   202  0007D  7C 00              	mov	r4,#high (2)
   203  0007F  7D 02              	mov	r5,#low (2)
   204  00081  12 0003            	lcall	_sec
   205                           
   206                           ;main.c: 41: break;
   207                           
   208                           	line	41
   209  00084  80 3B              	jmp	l13
   210                           ;main.c: 42: case 4:
   211                           
   212                           	line	42
   213  00086                     l18:
   214                           ;main.c: 43: P1 = array[4];
   215                           
   216                           	line	43
   217  00086  79 26              	mov	r1,#?a_main+2+04h
   218  00088  87 90              	mov	090h,@r1
   219                           ;main.c: 44: sec(5);
   220                           
   221                           	line	44
   222  0008A  7C 00              	mov	r4,#high (5)
   223  0008C  7D 05              	mov	r5,#low (5)
   224  0008E  12 0003            	lcall	_sec
   225                           
   226                           ;main.c: 45: break;
   227                           
   228                           	line	45
   229  00091  80 2E              	jmp	l13
   230                           ;main.c: 46: case 5:
   231                           
   232                           	line	46
   233  00093                     l19:
   234                           ;main.c: 47: P1=array[0];
   235                           
   236                           	line	47
   237  00093  85 22  90          	mov	090h,?a_main+2
   238                           ;main.c: 48: sec(2);
   239                           
   240                           	line	48
   241  00096  7C 00              	mov	r4,#high (2)
   242  00098  7D 02              	mov	r5,#low (2)
   243  0009A  12 0003            	lcall	_sec
   244                           
   245                           ;main.c: 49: i = 0;
   246                           
   247                           	line	49
   248  0009D  E4                 	clr	a
   249  0009E  F5 20              	mov	?a_main+0,a
   250  000A0  F5 21              	mov	?a_main+0+1,a
   251                           ;main.c: 51: }
   252                           
   253                           	line	51
   254  000A2  80 1D              	jmp	l13
   255                           	line	28
   256  000A4                     l14:
   257  000A4  A8 20              	mov	r0,?a_main+0
   258  000A6  A9 21              	mov	r1,?a_main+0+1
   259  000A8  80 12              	j	l30000
   260  000AA                     l30001:
   261  000AA  E9                 	mov	a,r1
   262  000AB  14                 	dec	a
   263  000AC  60 B1              	bz	l15
   264  000AE  14                 	dec	a
   265  000AF  60 BB              	bz	l16
   266  000B1  14                 	dec	a
   267  000B2  60 C5              	bz	l17
   268  000B4  14                 	dec	a
   269  000B5  60 CF              	bz	l18
   270  000B7  14                 	dec	a
   271  000B8  60 D9              	bz	l19
   272  000BA  80 05              	j	l13
   273  000BC                     l30000:
   274  000BC  E8                 	mov	a,r0
   275  000BD  60 EB              	bz	l30001
   276  000BF  80 00              	j	l13
   277                           
   278                           	line	51
   279  000C1                     l13:
   280                           	line	53
   281  000C1                     l10:
   282                           	line	26
   283  000C1  80 92              	jmp	l11
   284  000C3                     l12:
   285                           ;main.c: 53: }
   286                           
   287                           ;main.c: 54: }
   288                           
   289                           	line	54
   290  000C3                     l9:
   291  000C3  22                 	ret
   292  000C4                     f1421:
   293  000C4  02 003D            	j	f1420
   294                           	FNSIZE	_main,7,0
   295                           	global	?a_main
   296  0000                     f1422	equ	0
   297  0000                     _A10	equ	162
   298  0000                     _A11	equ	163
   299  0000                     _A12	equ	164
   300  0000                     _A13	equ	165
   301  0000                     _A14	equ	166
   302  0000                     _A15	equ	167
   303  0000                     _A8	equ	160
   304  0000                     _A9	equ	161
   305  0000                     _AC	equ	214
   306  0000                     _ACC0	equ	224
   307  0000                     _ACC1	equ	225
   308  0000                     _ACC2	equ	226
   309+ 0000                     _ACC3	equ	227
   310+ 0000                     _ACC4	equ	228
   311  0000                     _ACC5	equ	229
   312  0000                     _ACC6	equ	230
   313  0000                     _ACC7	equ	231
   314  0000                     _AD0	equ	128
   315  0000                     _AD1	equ	129
   316  0000                     _AD2	equ	130
   317  0000                     _AD3	equ	131
   318  0000                     _AD4	equ	132
   319  0000                     _AD5	equ	133
   320  0000                     _AD6	equ	134
   321  0000                     _AD7	equ	135
   322  0000                     _B0	equ	240
   323  0000                     _B1	equ	241
   324  0000                     _B2	equ	242
   325  0000                     _B3	equ	243
   326  0000                     _B4	equ	244
   327  0000                     _B5	equ	245
   328  0000                     _B6	equ	246
   329  0000                     _B7	equ	247
   330  0000                     _CY	equ	215
   331  0000                     _EA	equ	175
   332  0000                     _ES	equ	172
   333  0000                     _ET0	equ	169
   334  0000                     _ET1	equ	171
   335  0000                     _EX0	equ	168
   336  0000                     _EX1	equ	170
   337  0000                     _F0	equ	213
   338  0000                     _IE0	equ	137
   339  0000                     _IE1	equ	139
   340  0000                     _INT0	equ	178
   341  0000                     _INT1	equ	179
   342  0000                     _IT0	equ	136
   343  0000                     _IT1	equ	138
   344  0000                     _OV	equ	210
   345  0000                     _P	equ	208
   346  0000                     _P00	equ	128
   347  0000                     _P01	equ	129
   348  0000                     _P02	equ	130
   349  0000                     _P03	equ	131
   350  0000                     _P04	equ	132
   351  0000                     _P05	equ	133
   352  0000                     _P06	equ	134
   353  0000                     _P07	equ	135
   354  0000                     _P10	equ	144
   355  0000                     _P11	equ	145
   356  0000                     _P12	equ	146
   357  0000                     _P13	equ	147
   358  0000                     _P14	equ	148
   359  0000                     _P15	equ	149
   360  0000                     _P16	equ	150
   361  0000                     _P17	equ	151
   362  0000                     _P20	equ	160
   363  0000                     _P21	equ	161
   364  0000                     _P22	equ	162
   365  0000                     _P23	equ	163
   366  0000                     _P24	equ	164
   367  0000                     _P25	equ	165
   368  0000                     _P26	equ	166
   369  0000                     _P27	equ	167
   370  0000                     _P30	equ	176
   371  0000                     _P31	equ	177
   372  0000                     _P32	equ	178
   373  0000                     _P33	equ	179
   374  0000                     _P34	equ	180
   375  0000                     _P35	equ	181
   376  0000                     _P36	equ	182
   377  0000                     _P37	equ	183
   378  0000                     _PS	equ	188
   379  0000                     _PT0	equ	185
   380  0000                     _PT1	equ	187
   381  0000                     _PX0	equ	184
   382  0000                     _PX1	equ	186
   383  0000                     _RB8	equ	154
   384  0000                     _RD	equ	183
   385  0000                     _REN	equ	156
   386  0000                     _RI	equ	152
   387  0000                     _RS0	equ	211
   388  0000                     _RS1	equ	212
   389  0000                     _RXD	equ	176
   390  0000                     _SM0	equ	159
   391  0000                     _SM1	equ	158
   392  0000                     _SM2	equ	157
   393  0000                     _T0	equ	180
   394  0000                     _T1	equ	181
   395  0000                     _TB8	equ	155
   396  0000                     _TF0	equ	141
   397  0000                     _TF1	equ	143
   398  0000                     _TI	equ	153
   399  0000                     _TR0	equ	140
   400  0000                     _TR1	equ	142
   401  0000                     _TXD	equ	177
   402  0000                     _WR	equ	182
   403  0000                     _ACC	equ	224
   404  0000                     _B	equ	240
   405  0000                     _DPH	equ	131
   406  0000                     _DPL	equ	130
   407  0000                     _IE	equ	168
   408  0000                     _IP	equ	184
   409  0000                     _P0	equ	128
   410  0000                     _P1	equ	144
   411  0000                     _P2	equ	160
   412  0000                     _P3	equ	176
   413  0000                     _PCON	equ	135
   414  0000                     _PSW	equ	208
   415  0000                     _SBUF	equ	153
   416  0000                     _SCON	equ	152
   417  0000                     _SP	equ	129
   418  0000                     _TCON	equ	136
   419  0000                     _TH0	equ	140
   420  0000                     _TH1	equ	141
   421  0000                     _TL0	equ	138
   422  0000                     _TL1	equ	139
   423  0000                     _TMOD	equ	137
   424  0000                     _ACC_BITS	equ	224
   425  0000                     _B_BITS	equ	240
   426  0000                     _IE_BITS	equ	168
   427  0000                     _IP_BITS	equ	184
   428  0000                     _P0_BITS	equ	128
   429  0000                     _P1_BITS	equ	144
   430  0000                     _P2_BITS	equ	160
   431  0000                     _P3_BITS	equ	176
   432  0000                     _PCON_BITS	equ	135
   433  0000                     _PSW_BITS	equ	208
   434  0000                     _SCON_BITS	equ	152
   435  0000                     _TCON_BITS	equ	136
   436  0000                     _TMOD_BITS	equ	137


HI-TECH Software 8051 Macro Assembler V9.60                                Page 2
Symbol Table                                           Mon Mar 24 19:41:18 2025

       ?a_main 00020              _B 000F0              l2 00037  
            l3 0001E              l4 0000B              l5 00037  
            _P 000D0              l7 0001A              l8 00013  
            l9 000C3             _B0 000F0             _B1 000F1  
           _B2 000F2             _B3 000F3             _B4 000F4  
           _B5 000F5             _B6 000F6             _A8 000A0  
           _B7 000F7             _A9 000A1             _F0 000D5  
           _AC 000D6             l10 000C1             l11 00055  
           l12 000C3             l13 000C1             l14 000A4  
           _EA 000AF             l15 0005F             l16 0006C  
           l17 00079             l18 00086             l19 00093  
           _P0 00080             _P1 00090             _P2 000A0  
           _P3 000B0             _IE 000A8             _T0 000B4  
           _T1 000B5             _ES 000AC             _CY 000D7  
           _IP 000B8             _RD 000B7             u10 0001A  
           u11 00018             _RI 00098             u30 00037  
           u31 00035             u40 0005D             u24 00029  
           _TI 00099             _PS 000BC             _OV 000D2  
           _SP 00081             _WR 000B6         _B_BITS 000F0  
          _A10 000A2            _A11 000A3            _A12 000A4  
          _A13 000A5            _A14 000A6            _A15 000A7  
          _AD0 00080            _AD1 00081            _AD2 00082  
          _AD3 00083            _AD4 00084            _AD5 00085  
          _AD6 00086            _AD7 00087            _ACC 000E0  
          _P00 00080            _P01 00081            _P10 00090  
          _P02 00082            _P11 00091            _P03 00083  
          _P20 000A0            _P12 00092            _P04 00084  
          _P21 000A1            _P13 00093            _P05 00085  
          _P30 000B0            _P22 000A2            _P14 00094  
          _P06 00086            _P31 000B1            _P23 000A3  
          _P15 00095            _P07 00087            _P32 000B2  
          _P24 000A4            _P16 00096            _P33 000B3  
          _P25 000A5            _P17 00097            _P34 000B4  
          _P26 000A6            _P35 000B5            _P27 000A7  
          _P36 000B6            _P37 000B7            _IE0 00089  
          _IE1 0008B            _ET0 000A9            _ET1 000AB  
          _EX0 000A8            _EX1 000AA            _DPH 00083  
          _DPL 00082            _IT0 00088            _IT1 0008A  
          _RB8 0009A            _TF0 0008D            _TB8 0009B  
          _TF1 0008F            _TH0 0008C            _TH1 0008D  
          _SM0 0009F            _SM1 0009E            _TL0 0008A  
          _SM2 0009D            _PT0 000B9            _TL1 0008B  
          _PT1 000BB            _RS0 000D3            _RS1 000D4  
          _REN 0009C            _PX0 000B8            _PX1 000BA  
          _TR0 0008C            _TR1 0008E            _RXD 000B0  
          _PSW 000D0            _TXD 000B1        _P0_BITS 00080  
      _P1_BITS 00090        _P2_BITS 000A0        _P3_BITS 000B0  
          _sec 00003        _IE_BITS 000A8       _ACC_BITS 000E0  
      _IP_BITS 000B8           f1410 00005           f1411 00038  
         f1420 0003D           f1412 00000           f1421 000C4  
         f1422 00000           _ACC0 000E0           _ACC1 000E1  
         _ACC2 000E2           _ACC3 000E3           _ACC4 000E4  
         _ACC5 000E5           _ACC6 000E6           _ACC7 000E7  
stack_internal 00001           _INT0 000B2           _INT1 000B3  
         _PCON 00087           _SCON 00098           _SBUF 00099  
         _TCON 00088           _TMOD 00089           _main 0003A  
        l30000 000BC          l30001 000AA          ?a_sec 00027  
     _PSW_BITS 000D0      _PCON_BITS 00087      _SCON_BITS 00098  
    _TCON_BITS 00088      _TMOD_BITS 00089  
