

HI-TECH Software 8051 Macro Assembler V9.60                                Page 1
                                                       Mon Mar 10 19:31:18 2025

     1                           	psect	idata,class=DATA,space=1,limit=080h
     2                           	psect	irdata,class=DATA,limit=080h
     3                           	global	_main
     4                           	signat	_main,88
     5                           	global	stack_internal
     6                           	psect	text,class=CODE
     7                           	psect	text
     8                           	file	"C:\Users\class\Desktop\p3\p4\p3\main.c"
     9                           	line	3
    10  00003                     _main:
    11  00003  02 00C0            	j	f1411
    12  00006                     f1410:
    13                           ;main.c: 2: void main()
    14                           
    15                           ;main.c: 3: {
    16                           
    17                           ;	var   _i assigned to ?a_main+0
    18                           ;	var   _str assigned to ?a_main+2
    19                           ;main.c: 4: unsigned int i;
    20                           
    21                           ;main.c: 5: unsigned char *str="Hello!";
    22                           
    23                           	line	5
    24  00006  75 22  01          	mov	?a_main+2,#high(0+u19)
    25  00009  75 23  00          	mov	?a_main+2+1,#low(0+u19)
    26                           ;	var   _c assigned to ?a_main+4
    27                           ;main.c: 6: unsigned int c;
    28                           
    29                           ;main.c: 7: P0 = 0x38;
    30                           
    31                           	line	7
    32  0000C  75 80 38           	mov	080h,#56
    33                           ;main.c: 8: P2 = 0x1;
    34                           
    35                           	line	8
    36  0000F  75 A0 01           	mov	0A0h,#1
    37                           ;main.c: 9: P2 = 0x0;
    38                           
    39                           	line	9
    40  00012  75 A0 00           	mov	0A0h,#0
    41                           ;main.c: 10: P0 = 0x80;
    42                           
    43                           	line	10
    44  00015  75 80 80           	mov	080h,#128
    45                           ;main.c: 11: P2 = 0x1;
    46                           
    47                           	line	11
    48  00018  75 A0 01           	mov	0A0h,#1
    49                           ;main.c: 12: P2 = 0x0;
    50                           
    51                           	line	12
    52  0001B  75 A0 00           	mov	0A0h,#0
    53                           ;main.c: 14: c = 0;
    54                           
    55                           	line	14
    56  0001E  E4                 	clr	a
    57  0001F  F5 24              	mov	?a_main+4,a
    58  00021  F5 25              	mov	?a_main+4+1,a
    59                           ;main.c: 15: while(1){
    60                           
    61                           	line	15
    62  00023                     l4:
    63                           ;main.c: 16: if(c==15){
    64                           
    65                           	line	16
    66  00023  E5 25              	mov	a,?a_main+4+1
    67  00025  B4 0F 07           	cbne	a,#low (15),u11
    68  00028  E5 24              	mov	a,?a_main+4
    69  0002A  B4 00 02           	cbne	a,#high (15),u11
    70  0002D  80 02              	jmp	u10
    71  0002F                     u11:
    72  0002F  80 0E              	jmp	l6
    73  00031                     u10:
    74                           ;main.c: 17: P0 = 0x2;
    75                           
    76                           	line	17
    77  00031  75 80 02           	mov	080h,#2
    78                           ;main.c: 18: P2 = 0x1;
    79                           
    80                           	line	18
    81  00034  75 A0 01           	mov	0A0h,#1
    82                           ;main.c: 19: P2 = 0x0;
    83                           
    84                           	line	19
    85  00037  75 A0 00           	mov	0A0h,#0
    86                           ;main.c: 21: c=0;
    87                           
    88                           	line	21
    89  0003A  E4                 	clr	a
    90  0003B  F5 24              	mov	?a_main+4,a
    91  0003D  F5 25              	mov	?a_main+4+1,a
    92                           	line	22
    93  0003F                     l6:
    94                           ;main.c: 22: }
    95                           
    96                           ;main.c: 24: for(i=0;i<6;i++)
    97                           
    98                           	line	24
    99  0003F  E4                 	clr	a
   100  00040  F5 20              	mov	?a_main+0,a
   101  00042  F5 21              	mov	?a_main+0+1,a
   102  00044  E5 21              	mov	a,?a_main+0+1
   103  00046  24 FA              	add	a,#low -(6)
   104  00048  E5 20              	mov	a,?a_main+0
   105  0004A  34 FF              	addc	a,#high -(6)
   106  0004C  50 02              	bnc	u21
   107  0004E  80 02              	jmp	u20
   108  00050                     u21:
   109  00050  80 02              	jmp	l7
   110  00052                     u20:
   111  00052  80 2D              	jmp	l8
   112                           	line	25
   113  00054                     l7:
   114                           ;main.c: 25: {
   115                           
   116                           ;main.c: 26: P0 = str[i];
   117                           
   118                           	line	26
   119  00054  E5 21              	mov	a,?a_main+0+1
   120  00056  25 23              	add	a,?a_main+2+1
   121  00058  F5 82              	mov	dpl,a
   122  0005A  E5 20              	mov	a,?a_main+0
   123  0005C  35 22              	addc	a,?a_main+2
   124  0005E  F5 83              	mov	dph,a
   125                           	global	ldc_byte
   126  00060  12 0107            	call	ldc_byte
   127  00063  F5 80              	mov	080h,a
   128                           ;main.c: 27: P2 = 0x3;
   129                           
   130                           	line	27
   131  00065  75 A0 03           	mov	0A0h,#3
   132                           ;main.c: 28: P2 = 0x2;
   133                           
   134                           	line	28
   135  00068  75 A0 02           	mov	0A0h,#2
   136                           	line	24
   137  0006B  05 21              	inc	?a_main+0+1
   138  0006D  E5 21              	mov	a,?a_main+0+1
   139  0006F  70 02              	jnz	u30
   140  00071  05 20              	inc	?a_main+0
   141  00073                     u30:
   142  00073  E5 21              	mov	a,?a_main+0+1
   143  00075  24 FA              	add	a,#low -(6)
   144  00077  E5 20              	mov	a,?a_main+0
   145  00079  34 FF              	addc	a,#high -(6)
   146  0007B  50 02              	bnc	u41
   147  0007D  80 02              	jmp	u40
   148  0007F                     u41:
   149  0007F  80 D3              	jmp	l7
   150  00081                     u40:
   151  00081                     l8:
   152                           ;main.c: 29: }
   153                           
   154                           ;main.c: 31: P0 = 0x2;
   155                           
   156                           	line	31
   157  00081  75 80 02           	mov	080h,#2
   158                           ;main.c: 32: P2 = 0x1;
   159                           
   160                           	line	32
   161  00084  75 A0 01           	mov	0A0h,#1
   162                           ;main.c: 33: P2 = 0x0;
   163                           
   164                           	line	33
   165  00087  75 A0 00           	mov	0A0h,#0
   166                           ;main.c: 35: c=c+1;
   167                           
   168                           	line	35
   169  0008A  05 25              	inc	?a_main+4+1
   170  0008C  E5 25              	mov	a,?a_main+4+1
   171  0008E  70 02              	jnz	u50
   172  00090  05 24              	inc	?a_main+4
   173  00092                     u50:
   174                           ;main.c: 36: for(i=0;i<c;i++){
   175                           
   176                           	line	36
   177  00092  E4                 	clr	a
   178  00093  F5 20              	mov	?a_main+0,a
   179  00095  F5 21              	mov	?a_main+0+1,a
   180  00097  80 11              	jmp	l13
   181  00099                     l10:
   182                           ;main.c: 37: P0 = 0x06;
   183                           
   184                           	line	37
   185  00099  75 80 06           	mov	080h,#6
   186                           ;main.c: 38: P2 = 0x1;
   187                           
   188                           	line	38
   189  0009C  75 A0 01           	mov	0A0h,#1
   190                           ;main.c: 39: P2 = 0x0;
   191                           
   192                           	line	39
   193  0009F  75 A0 00           	mov	0A0h,#0
   194                           	line	36
   195  000A2  05 21              	inc	?a_main+0+1
   196  000A4  E5 21              	mov	a,?a_main+0+1
   197  000A6  70 02              	jnz	u60
   198  000A8  05 20              	inc	?a_main+0
   199  000AA                     u60:
   200  000AA                     l13:
   201  000AA  E5 24              	mov	a,?a_main+4
   202  000AC  B5 20  07          	cbne	a,?a_main+0,u72
   203  000AF  E5 25              	mov	a,?a_main+4+1
   204  000B1  B5 21  02          	cbne	a,?a_main+0+1,u72
   205  000B4  80 06              	jmp	u70
   206  000B6                     u72:
   207  000B6  50 02              	bnc	u71
   208  000B8  80 02              	jmp	u70
   209  000BA                     u71:
   210  000BA  80 DD              	jmp	l10
   211  000BC                     u70:
   212  000BC                     l11:
   213                           	line	43
   214  000BC                     l3:
   215                           	line	15
   216  000BC  02 0023            	jmp	l4
   217  000BF                     l5:
   218                           ;main.c: 40: }
   219                           
   220                           ;main.c: 43: }
   221                           
   222                           ;main.c: 44: }
   223                           
   224                           	line	44
   225  000BF                     l2:
   226  000BF  22                 	ret
   227  000C0                     f1411:
   228  000C0  02 0006            	j	f1410
   229                           	FNSIZE	_main,6,0
   230                           	global	?a_main
   231  0000                     f1412	equ	0
   232                           	psect	strings,class=CODE
   233                           	psect	strings
   234  00100                     u19:
   235  00100  48 65 6C 6C 6F 21  	db	"Hello!",0
              00                 
   236  0000                     _A10	equ	162
   237  0000                     _A11	equ	163
   238  0000                     _A12	equ	164
   239  0000                     _A13	equ	165
   240  0000                     _A14	equ	166
   241  0000                     _A15	equ	167
   242  0000                     _A8	equ	160
   243  0000                     _A9	equ	161
   244  0000                     _AC	equ	214
   245  0000                     _ACC0	equ	224
   246  0000                     _ACC1	equ	225
   247  0000                     _ACC2	equ	226
   248  0000                     _ACC3	equ	227
   249  0000                     _ACC4	equ	228
   250  0000                     _ACC5	equ	229
   251  0000                     _ACC6	equ	230
   252  0000                     _ACC7	equ	231
   253  0000                     _AD0	equ	128
   254  0000                     _AD1	equ	129
   255  0000                     _AD2	equ	130
   256  0000                     _AD3	equ	131
   257  0000                     _AD4	equ	132
   258  0000                     _AD5	equ	133
   259  0000                     _AD6	equ	134
   260  0000                     _AD7	equ	135
   261  0000                     _B0	equ	240
   262  0000                     _B1	equ	241
   263+ 0000                     _B2	equ	242
   264+ 0000                     _B3	equ	243
   265  0000                     _B4	equ	244
   266  0000                     _B5	equ	245
   267  0000                     _B6	equ	246
   268  0000                     _B7	equ	247
   269  0000                     _CY	equ	215
   270  0000                     _EA	equ	175
   271  0000                     _ES	equ	172
   272  0000                     _ET0	equ	169
   273  0000                     _ET1	equ	171
   274  0000                     _EX0	equ	168
   275  0000                     _EX1	equ	170
   276  0000                     _F0	equ	213
   277  0000                     _IE0	equ	137
   278  0000                     _IE1	equ	139
   279  0000                     _INT0	equ	178
   280  0000                     _INT1	equ	179
   281  0000                     _IT0	equ	136
   282  0000                     _IT1	equ	138
   283  0000                     _OV	equ	210
   284  0000                     _P	equ	208
   285  0000                     _P00	equ	128
   286  0000                     _P01	equ	129
   287  0000                     _P02	equ	130
   288  0000                     _P03	equ	131
   289  0000                     _P04	equ	132
   290  0000                     _P05	equ	133
   291  0000                     _P06	equ	134
   292  0000                     _P07	equ	135
   293  0000                     _P10	equ	144
   294  0000                     _P11	equ	145
   295  0000                     _P12	equ	146
   296  0000                     _P13	equ	147
   297  0000                     _P14	equ	148
   298  0000                     _P15	equ	149
   299  0000                     _P16	equ	150
   300  0000                     _P17	equ	151
   301  0000                     _P20	equ	160
   302  0000                     _P21	equ	161
   303  0000                     _P22	equ	162
   304  0000                     _P23	equ	163
   305  0000                     _P24	equ	164
   306  0000                     _P25	equ	165
   307  0000                     _P26	equ	166
   308  0000                     _P27	equ	167
   309  0000                     _P30	equ	176
   310  0000                     _P31	equ	177
   311  0000                     _P32	equ	178
   312  0000                     _P33	equ	179
   313  0000                     _P34	equ	180
   314  0000                     _P35	equ	181
   315  0000                     _P36	equ	182
   316  0000                     _P37	equ	183
   317  0000                     _PS	equ	188
   318  0000                     _PT0	equ	185
   319  0000                     _PT1	equ	187
   320  0000                     _PX0	equ	184
   321  0000                     _PX1	equ	186
   322  0000                     _RB8	equ	154
   323  0000                     _RD	equ	183
   324  0000                     _REN	equ	156
   325  0000                     _RI	equ	152
   326  0000                     _RS0	equ	211
   327  0000                     _RS1	equ	212
   328  0000                     _RXD	equ	176
   329  0000                     _SM0	equ	159
   330  0000                     _SM1	equ	158
   331  0000                     _SM2	equ	157
   332  0000                     _T0	equ	180
   333  0000                     _T1	equ	181
   334  0000                     _TB8	equ	155
   335  0000                     _TF0	equ	141
   336  0000                     _TF1	equ	143
   337  0000                     _TI	equ	153
   338  0000                     _TR0	equ	140
   339  0000                     _TR1	equ	142
   340  0000                     _TXD	equ	177
   341  0000                     _WR	equ	182
   342  0000                     _ACC	equ	224
   343  0000                     _B	equ	240
   344  0000                     _DPH	equ	131
   345  0000                     _DPL	equ	130
   346  0000                     _IE	equ	168
   347  0000                     _IP	equ	184
   348  0000                     _P0	equ	128
   349  0000                     _P1	equ	144
   350  0000                     _P2	equ	160
   351  0000                     _P3	equ	176
   352  0000                     _PCON	equ	135
   353  0000                     _PSW	equ	208
   354  0000                     _SBUF	equ	153
   355  0000                     _SCON	equ	152
   356  0000                     _SP	equ	129
   357  0000                     _TCON	equ	136
   358  0000                     _TH0	equ	140
   359  0000                     _TH1	equ	141
   360  0000                     _TL0	equ	138
   361  0000                     _TL1	equ	139
   362  0000                     _TMOD	equ	137
   363  0000                     _ACC_BITS	equ	224
   364  0000                     _B_BITS	equ	240
   365  0000                     _IE_BITS	equ	168
   366  0000                     _IP_BITS	equ	184
   367  0000                     _P0_BITS	equ	128
   368  0000                     _P1_BITS	equ	144
   369  0000                     _P2_BITS	equ	160
   370  0000                     _P3_BITS	equ	176
   371  0000                     _PCON_BITS	equ	135
   372  0000                     _PSW_BITS	equ	208
   373  0000                     _SCON_BITS	equ	152
   374  0000                     _TCON_BITS	equ	136
   375  0000                     _TMOD_BITS	equ	137


HI-TECH Software 8051 Macro Assembler V9.60                                Page 2
Symbol Table                                           Mon Mar 10 19:31:18 2025

       ?a_main 00020              _B 000F0              l2 000BF  
            l3 000BC              l4 00023              l5 000BF  
            _P 000D0              l6 0003F              l7 00054  
            l8 00081             _B0 000F0             _B1 000F1  
           _B2 000F2             _B3 000F3             _B4 000F4  
           _B5 000F5             _B6 000F6             _A8 000A0  
           _B7 000F7             _A9 000A1             _F0 000D5  
           _AC 000D6             l10 00099             l11 000BC  
           l13 000AA             _EA 000AF             _P0 00080  
           _P1 00090             _P2 000A0             _P3 000B0  
           _IE 000A8             _T0 000B4             _T1 000B5  
           _ES 000AC             _CY 000D7             _IP 000B8  
           _RD 000B7             u10 00031             u11 0002F  
           u20 00052             _RI 00098             u21 00050  
           u30 00073             u40 00081             _TI 00099  
           u41 0007F             u50 00092             _PS 000BC  
           u19 00100             _OV 000D2             u60 000AA  
           _SP 00081             u70 000BC             u71 000BA  
           u72 000B6             _WR 000B6         _B_BITS 000F0  
          _A10 000A2            _A11 000A3            _A12 000A4  
          _A13 000A5            _A14 000A6            _A15 000A7  
          _AD0 00080            _AD1 00081            _AD2 00082  
          _AD3 00083            _AD4 00084            _AD5 00085  
          _AD6 00086            _AD7 00087            _ACC 000E0  
          _P00 00080            _P01 00081            _P10 00090  
          _P02 00082            _P11 00091            _P03 00083  
          _P20 000A0            _P12 00092            _P04 00084  
          _P21 000A1            _P13 00093            _P05 00085  
          _P30 000B0            _P22 000A2            _P14 00094  
          _P06 00086            _P31 000B1            _P23 000A3  
          _P15 00095            _P07 00087            _P32 000B2  
          _P24 000A4            _P16 00096            _P33 000B3  
          _P25 000A5            _P17 00097            _P34 000B4  
          _P26 000A6            _P35 000B5            _P27 000A7  
          _P36 000B6            _P37 000B7            _IE0 00089  
          _IE1 0008B            _ET0 000A9            _ET1 000AB  
          _EX0 000A8            _EX1 000AA            _DPH 00083  
          _DPL 00082            _IT0 00088            _IT1 0008A  
          _RB8 0009A            _TF0 0008D            _TB8 0009B  
          _TF1 0008F            _TH0 0008C            _TH1 0008D  
          _SM0 0009F            _SM1 0009E            _TL0 0008A  
          _SM2 0009D            _PT0 000B9            _TL1 0008B  
          _PT1 000BB            _RS0 000D3            _RS1 000D4  
          _REN 0009C            _PX0 000B8            _PX1 000BA  
          _TR0 0008C            _TR1 0008E            _RXD 000B0  
          _PSW 000D0            _TXD 000B1        _P0_BITS 00080  
      _P1_BITS 00090        _P2_BITS 000A0        _P3_BITS 000B0  
      _IE_BITS 000A8       _ACC_BITS 000E0        _IP_BITS 000B8  
         f1410 00006           f1411 000C0           f1412 00000  
         _ACC0 000E0           _ACC1 000E1           _ACC2 000E2  
         _ACC3 000E3           _ACC4 000E4           _ACC5 000E5  
         _ACC6 000E6           _ACC7 000E7  stack_internal 00001  
         _INT0 000B2           _INT1 000B3           _PCON 00087  
         _SCON 00098           _SBUF 00099           _TCON 00088  
         _TMOD 00089           _main 00003       _PSW_BITS 000D0  
      ldc_byte 00107      _PCON_BITS 00087      _SCON_BITS 00098  
    _TCON_BITS 00088      _TMOD_BITS 00089  
